<?xml version="1.0" encoding="UTF-8"?>
<!-- Generated by org.testng.reporters.JUnitReportReporter -->
<testsuite hostname="LAPTOP-J8M26J48" failures="0" tests="1" name="com.cimb.qa.testcases.TestCase2" time="9.444" errors="0" timestamp="18 Apr 2022 08:23:14 GMT">
  <testcase classname="com.cimb.qa.testcases.TestCase2" name="GotoProRepay" time="9.444"/>
</testsuite> <!-- com.cimb.qa.testcases.TestCase2 -->
