<?xml version="1.0" encoding="UTF-8"?>
<!-- Generated by org.testng.reporters.JUnitReportReporter -->
<testsuite hostname="LAPTOP-J8M26J48" failures="0" tests="1" name="com.cimb.qa.testcases.TestCase1" time="9.333" errors="0" timestamp="18 Apr 2022 08:23:14 GMT">
  <testcase classname="com.cimb.qa.testcases.TestCase1" name="Gotospecificdeal" time="9.333"/>
</testsuite> <!-- com.cimb.qa.testcases.TestCase1 -->
