<?xml version="1.0" encoding="UTF-8"?>
<!-- Generated by org.testng.reporters.JUnitReportReporter -->
<testsuite hostname="LAPTOP-J8M26J48" failures="0" tests="1" name="com.cimb.qa.testcases.HomePageM" time="7.870" errors="0" timestamp="18 Apr 2022 02:40:15 GMT">
  <testcase classname="com.cimb.qa.testcases.HomePageM" name="Gotospecificdeal" time="7.870"/>
</testsuite> <!-- com.cimb.qa.testcases.HomePageM -->
